<?xml version="1.0" encoding="UTF-8"?>
<testng-results skipped="0" failed="0" ignored="0" total="0" passed="0">
  <reporter-output>
  </reporter-output>
  <suite name="Varnit BDD Test Suite" duration-ms="7" started-at="2019-02-25T04:20:32Z" finished-at="2019-02-25T04:20:32Z">
    <groups>
    </groups>
    <test name="Tajawal Auto Test" duration-ms="7" started-at="2019-02-25T04:20:32Z" finished-at="2019-02-25T04:20:32Z">
      <class name="com.tajawal.test.runner.TestRunner">
        <test-method status="PASS" signature="deletePreviousScreenShts()[pri:0, instance:com.tajawal.test.runner.TestRunner@31610302]" name="deletePreviousScreenShts" is-config="true" duration-ms="17" started-at="2019-02-25T04:20:31Z" finished-at="2019-02-25T04:20:32Z">
          <reporter-output>
          </reporter-output>
        </test-method> <!-- deletePreviousScreenShts -->
        <test-method status="FAIL" signature="createReport()[pri:0, instance:com.tajawal.test.runner.TestRunner@31610302]" name="createReport" is-config="true" duration-ms="9" started-at="2019-02-25T04:20:32Z" finished-at="2019-02-25T04:20:32Z">
          <exception class="java.lang.NoSuchMethodError">
            <message>
              <![CDATA[com.aventstack.extentreports.reporter.ExtentHtmlReporter.loadXMLConfig(Ljava/io/File;)V]]>
            </message>
            <full-stacktrace>
              <![CDATA[java.lang.NoSuchMethodError: com.aventstack.extentreports.reporter.ExtentHtmlReporter.loadXMLConfig(Ljava/io/File;)V
at com.cucumber.listener.Reporter.loadXMLConfig(Reporter.java:56)
at com.tajawal.test.runner.TestRunner.createReport(TestRunner.java:34)
at sun.reflect.NativeMethodAccessorImpl.invoke0(Native Method)
at sun.reflect.NativeMethodAccessorImpl.invoke(NativeMethodAccessorImpl.java:62)
at sun.reflect.DelegatingMethodAccessorImpl.invoke(DelegatingMethodAccessorImpl.java:43)
at java.lang.reflect.Method.invoke(Method.java:498)
at org.testng.internal.MethodInvocationHelper.invokeMethod(MethodInvocationHelper.java:124)
at org.testng.internal.MethodInvocationHelper.invokeMethodConsideringTimeout(MethodInvocationHelper.java:59)
at org.testng.internal.Invoker.invokeConfigurationMethod(Invoker.java:458)
at org.testng.internal.Invoker.invokeConfigurations(Invoker.java:222)
at org.testng.internal.Invoker.invokeConfigurations(Invoker.java:142)
at org.testng.SuiteRunner.privateRun(SuiteRunner.java:425)
at org.testng.SuiteRunner.run(SuiteRunner.java:364)
at org.testng.SuiteRunnerWorker.runSuite(SuiteRunnerWorker.java:52)
at org.testng.SuiteRunnerWorker.run(SuiteRunnerWorker.java:84)
at org.testng.TestNG.runSuitesSequentially(TestNG.java:1208)
at org.testng.TestNG.runSuitesLocally(TestNG.java:1137)
at org.testng.TestNG.runSuites(TestNG.java:1049)
at org.testng.TestNG.run(TestNG.java:1017)
at org.testng.remote.AbstractRemoteTestNG.run(AbstractRemoteTestNG.java:114)
at org.testng.remote.RemoteTestNG.initAndRun(RemoteTestNG.java:251)
at org.testng.remote.RemoteTestNG.main(RemoteTestNG.java:77)
]]>
            </full-stacktrace>
          </exception> <!-- java.lang.NoSuchMethodError -->
          <reporter-output>
          </reporter-output>
        </test-method> <!-- createReport -->
      </class> <!-- com.tajawal.test.runner.TestRunner -->
    </test> <!-- Tajawal Auto Test -->
  </suite> <!-- Varnit BDD Test Suite -->
</testng-results>
